<?xml version="1.0" encoding="UTF-8"?>
<!-- Generated by org.testng.reporters.JUnitReportReporter -->
<testsuite hostname="DESKTOP-1IRDBUQ" failures="0" tests="1" name="TestFeatures.TestMessageBuilder" time="0.008" errors="0" timestamp="2023-05-06T05:44:19 GMT-07:00" skipped="0">
  <testcase classname="TestFeatures.TestMessageBuilder" name="testNameMkyong" time="0.008"/>
  <system-out/>
</testsuite> <!-- TestFeatures.TestMessageBuilder -->
