<?xml version="1.0" encoding="UTF-8"?>
<!-- Generated by org.testng.reporters.JUnitReportReporter -->
<testsuite hostname="DESKTOP-1IRDBUQ" failures="0" tests="1" name="TestFeatures.TestMessageBuilder" time="0.002" errors="0" timestamp="06 May 2023 14:24:08 GMT" skipped="0">
  <testcase classname="TestFeatures.TestMessageBuilder" name="testNameMkyong" time="0.002"/>
</testsuite> <!-- TestFeatures.TestMessageBuilder -->
