<?xml version="1.0" encoding="UTF-8"?>
<!-- Generated by org.testng.reporters.JUnitReportReporter -->
<testsuite hostname="DESKTOP-1IRDBUQ" failures="0" tests="1" name="TestFeatures.LoginFeatureTest" time="0.039" errors="0" timestamp="06 May 2023 14:24:08 GMT" skipped="0">
  <testcase classname="TestFeatures.LoginFeatureTest" name="login_test1" time="0.039"/>
</testsuite> <!-- TestFeatures.LoginFeatureTest -->
